[dotenv@17.2.3] injecting env (48) from .env -- tip: ⚙️  write to custom object with { processEnv: myObject }
[dotenv@17.2.3] injecting env (0) from .env -- tip: ⚙️  write to custom object with { processEnv: myObject }
[dotenv@17.2.3] injecting env (0) from .env -- tip: 📡 add observability to secrets: https://dotenvx.com/ops
[dotenv@17.2.3] injecting env (0) from .env -- tip: 🔐 encrypt with Dotenvx: https://dotenvx.com
🚀 iPacx RIS Server running on http://0.0.0.0:5000
✅ PostgreSQL connected successfully
✅ Database initialized
📦 Connected to Postgres: ipacx_user_db
✅ Connected to PostgreSQL via Sequelize as user: ipacx
📦 Active database: ipacx_user_db
✅ Connected to PostgreSQL as: ipacx, session: ipacx
[AuthDebug] Headers: {
  host: 'localhost:5000',
  'user-agent': 'Mozilla/5.0 (X11; Ubuntu; Linux x86_64; rv:147.0) Gecko/20100101 Firefox/147.0',
  accept: 'application/json, text/plain, */*',
  'accept-language': 'en-US,en;q=0.9',
  'accept-encoding': 'gzip, deflate, br, zstd',
  'cache-control': 'no-cache',
  pragma: 'no-cache',
  expires: '0',
  authorization: 'Bearer eyJhbGciOiJIUzI1NiIsInR5cCI6IkpXVCJ9.eyJpZCI6MSwidXNlcm5hbWUiOiJhZG1pbiIsInJvbGUiOiJhZG1pbiIsImlhdCI6MTc2ODY0NzI1MSwiZXhwIjoxNzcxMjM5MjUxfQ.d7k_VWzequlQotcgtpoBWhyXGBxuyfrypL5cRyp75-Y',
  origin: 'http://localhost:3000',
  connection: 'keep-alive',
  referer: 'http://localhost:3000/',
  cookie: 'next-auth.session-token=eyJhbGciOiJkaXIiLCJlbmMiOiJBMjU2Q0JDLUhTNTEyIiwia2lkIjoiTmpCUm5EMGxDblVhaEdWSkJJSkxYaDJFNVF0ejdTVEVjemZtcjFZS3BrTU1RT2VHZlBIWkdqdGx0QkNvZ1hzTUhtSFMwXzRkNWYxVUQwTlZOV3Y5S0EifQ..l72cTkhP_4N-Cy767olP9w.UfhI7S3S_w-ilpspBIN6r6u4zRu39_lrOkJWJTEUFp5kGVfQoQGBZTbonXlnWclgxyhUHCcY_zkLDNC1uZ_44_6ZmSx8Q7RiPB9iMaokXXLiQ6ot5mqfpJorDg6VRrvGp90yUaGFhrBXgH7XEqb3K-_u3Rk29SfPLbAtNnkRs6EO2nzvUvf48qqmDc88g73fTQ9SVRxKbA5O6xUneMBg7AWQ-yB3G4lLIW0w8u1eVSKB_xdzt-O8gARdOVqD-ojJjBMFeixBBuMUc9IJXtKMMTf2OfEJD-OUhGnDw5-UgKE.Kjm3foPMXW4iJ3lxmPoUAoUpL7GVmFO6oL--lwfoAYk',
  'sec-fetch-dest': 'empty',
  'sec-fetch-mode': 'cors',
  'sec-fetch-site': 'same-site'
}
[AuthDebug] AuthHeader: Bearer eyJhbGciOiJIUzI1NiIsInR5cCI6IkpXVCJ9.eyJpZCI6MSwidXNlcm5hbWUiOiJhZG1pbiIsInJvbGUiOiJhZG1pbiIsImlhdCI6MTc2ODY0NzI1MSwiZXhwIjoxNzcxMjM5MjUxfQ.d7k_VWzequlQotcgtpoBWhyXGBxuyfrypL5cRyp75-Y
[0mGET /api/auth/me [32m200[0m 25.935 ms - 66[0m
[AUDIT] GET /api/auth/me → 200
[AuthDebug] Headers: {
  host: 'localhost:5000',
  'user-agent': 'Mozilla/5.0 (X11; Ubuntu; Linux x86_64; rv:147.0) Gecko/20100101 Firefox/147.0',
  accept: 'application/json, text/plain, */*',
  'accept-language': 'en-US,en;q=0.9',
  'accept-encoding': 'gzip, deflate, br, zstd',
  'cache-control': 'no-cache',
  pragma: 'no-cache',
  expires: '0',
  authorization: 'Bearer eyJhbGciOiJIUzI1NiIsInR5cCI6IkpXVCJ9.eyJpZCI6MSwidXNlcm5hbWUiOiJhZG1pbiIsInJvbGUiOiJhZG1pbiIsImlhdCI6MTc2ODY0NzI1MSwiZXhwIjoxNzcxMjM5MjUxfQ.d7k_VWzequlQotcgtpoBWhyXGBxuyfrypL5cRyp75-Y',
  origin: 'http://localhost:3000',
  connection: 'keep-alive',
  referer: 'http://localhost:3000/',
  cookie: 'next-auth.session-token=eyJhbGciOiJkaXIiLCJlbmMiOiJBMjU2Q0JDLUhTNTEyIiwia2lkIjoiTmpCUm5EMGxDblVhaEdWSkJJSkxYaDJFNVF0ejdTVEVjemZtcjFZS3BrTU1RT2VHZlBIWkdqdGx0QkNvZ1hzTUhtSFMwXzRkNWYxVUQwTlZOV3Y5S0EifQ..l72cTkhP_4N-Cy767olP9w.UfhI7S3S_w-ilpspBIN6r6u4zRu39_lrOkJWJTEUFp5kGVfQoQGBZTbonXlnWclgxyhUHCcY_zkLDNC1uZ_44_6ZmSx8Q7RiPB9iMaokXXLiQ6ot5mqfpJorDg6VRrvGp90yUaGFhrBXgH7XEqb3K-_u3Rk29SfPLbAtNnkRs6EO2nzvUvf48qqmDc88g73fTQ9SVRxKbA5O6xUneMBg7AWQ-yB3G4lLIW0w8u1eVSKB_xdzt-O8gARdOVqD-ojJjBMFeixBBuMUc9IJXtKMMTf2OfEJD-OUhGnDw5-UgKE.Kjm3foPMXW4iJ3lxmPoUAoUpL7GVmFO6oL--lwfoAYk',
  'sec-fetch-dest': 'empty',
  'sec-fetch-mode': 'cors',
  'sec-fetch-site': 'same-site'
}
[AuthDebug] AuthHeader: Bearer eyJhbGciOiJIUzI1NiIsInR5cCI6IkpXVCJ9.eyJpZCI6MSwidXNlcm5hbWUiOiJhZG1pbiIsInJvbGUiOiJhZG1pbiIsImlhdCI6MTc2ODY0NzI1MSwiZXhwIjoxNzcxMjM5MjUxfQ.d7k_VWzequlQotcgtpoBWhyXGBxuyfrypL5cRyp75-Y
[0mGET /api/auth/me [32m200[0m 1.583 ms - 66[0m
[AUDIT] GET /api/auth/me → 200
Using deprecated auth middleware!
Using deprecated auth middleware!
[0mGET /api/pacs [32m200[0m 17.497 ms - 632[0m
[AUDIT] GET /api/pacs → 200
[0mGET /api/pacs [32m200[0m 15.785 ms - 632[0m
[AUDIT] GET /api/pacs → 200
Using deprecated auth middleware!
[0mGET /api/pacs [32m200[0m 5.421 ms - 632[0m
[AUDIT] GET /api/pacs → 200
Using deprecated auth middleware!
[0mGET /api/pacs [32m200[0m 10.385 ms - 632[0m
[AUDIT] GET /api/pacs → 200
📡 Fetching PACS: http://192.168.1.34:8042/qido/studies?StudyDate=20251217-20260117&includefield=00081030&includefield=00080061&includefield=00180015
📡 Fetching PACS: http://192.168.1.34:8042/qido/studies?StudyDate=20251217-20260117&includefield=00081030&includefield=00080061&includefield=00180015
📡 Fetching PACS: http://192.168.1.34:8042/dcm4chee-arc/rs/studies?StudyDate=20251217-20260117&includefield=00081030&includefield=00080061&includefield=00180015
📡 Fetching PACS: http://192.168.1.34:8042/dcm4chee-arc/rs/studies?StudyDate=20251217-20260117&includefield=00081030&includefield=00080061&includefield=00180015
📡 Fetching PACS: http://192.168.1.34:8042/dicom-web/studies?StudyDate=20251217-20260117&includefield=00081030&includefield=00080061&includefield=00180015
📡 Fetching PACS: http://192.168.1.34:8042/dicom-web/studies?StudyDate=20251217-20260117&includefield=00081030&includefield=00080061&includefield=00180015
[0mGET /api/pacs/9/studies?startDate=2025-12-17&endDate=2026-01-17 [32m200[0m 69.105 ms - -[0m
[AUDIT] GET /api/pacs/9/studies?startDate=2025-12-17&endDate=2026-01-17 → 200
[0mGET /api/pacs/9/studies?startDate=2025-12-17&endDate=2026-01-17 [32m200[0m 62.621 ms - -[0m
[AUDIT] GET /api/pacs/9/studies?startDate=2025-12-17&endDate=2026-01-17 → 200
Using deprecated auth middleware!
Using deprecated auth middleware!
Using deprecated auth middleware!
[0mGET /api/reports/status/1.2.392.200036.9123.100.50.121111608645011251229110341000750578 [32m200[0m 9.210 ms - 40[0m
[AUDIT] GET /api/reports/status/1.2.392.200036.9123.100.50.121111608645011251229110341000750578 → 200
[0mGET /api/reports/status/1.2.392.200036.9125.2.448818514585232.65119802101.5868411 [32m200[0m 7.641 ms - 40[0m
[AUDIT] GET /api/reports/status/1.2.392.200036.9125.2.448818514585232.65119802101.5868411 → 200
Using deprecated auth middleware!
Using deprecated auth middleware!
Using deprecated auth middleware!
[0mGET /api/reports/status/1.2.392.200036.9125.2.448818514585232.65119727480.1752217 [32m200[0m 7.449 ms - 40[0m
[AUDIT] GET /api/reports/status/1.2.392.200036.9125.2.448818514585232.65119727480.1752217 → 200
[0mGET /api/reports/status/1.2.392.200036.9125.2.448818514585232.65119767074.586847 [32m200[0m 7.630 ms - 40[0m
[AUDIT] GET /api/reports/status/1.2.392.200036.9125.2.448818514585232.65119767074.586847 → 200
Using deprecated auth middleware!
Using deprecated auth middleware!
Using deprecated auth middleware!
Using deprecated auth middleware!
[0mGET /api/reports/status/1.2.392.200036.9125.2.448818514585232.65119767074.586847 [32m200[0m 6.998 ms - 40[0m
[AUDIT] GET /api/reports/status/1.2.392.200036.9125.2.448818514585232.65119767074.586847 → 200
[0mGET /api/reports/status/1.2.392.200036.9125.2.448818514585232.65119704664.175263 [32m200[0m 6.815 ms - 40[0m
[AUDIT] GET /api/reports/status/1.2.392.200036.9125.2.448818514585232.65119704664.175263 → 200
Using deprecated auth middleware!
Using deprecated auth middleware!
[0mGET /api/reports/status/1.2.392.200036.9125.2.448818514585232.65119696924.17528 [32m200[0m 5.252 ms - 40[0m
[AUDIT] GET /api/reports/status/1.2.392.200036.9125.2.448818514585232.65119696924.17528 → 200
[0mGET /api/reports/status/1.2.392.200036.9125.2.448818514585232.65119727480.1752217 [32m200[0m 6.158 ms - 40[0m
[AUDIT] GET /api/reports/status/1.2.392.200036.9125.2.448818514585232.65119727480.1752217 → 200
Using deprecated auth middleware!
Using deprecated auth middleware!
[0mGET /api/reports/status/1.2.392.200036.9123.100.50.121111608645011251229110341000750578 [32m200[0m 2.934 ms - 40[0m
[AUDIT] GET /api/reports/status/1.2.392.200036.9123.100.50.121111608645011251229110341000750578 → 200
[0mGET /api/reports/status/1.2.392.200036.9125.2.448818514585232.65119802101.5868411 [32m200[0m 5.472 ms - 40[0m
[AUDIT] GET /api/reports/status/1.2.392.200036.9125.2.448818514585232.65119802101.5868411 → 200
[0mGET /api/reports/status/1.2.392.200036.9125.2.448818514585232.65119704664.175263 [32m200[0m 55.552 ms - 40[0m
[AUDIT] GET /api/reports/status/1.2.392.200036.9125.2.448818514585232.65119704664.175263 → 200
[0mGET /api/reports/status/1.2.392.200036.9125.2.448818514585232.65119728013.1752233 [32m200[0m 45.119 ms - 40[0m
[AUDIT] GET /api/reports/status/1.2.392.200036.9125.2.448818514585232.65119728013.1752233 → 200
[0mGET /api/reports/status/1.2.392.200036.9125.2.448818514585232.65119696924.17528 [32m200[0m 35.889 ms - 40[0m
[AUDIT] GET /api/reports/status/1.2.392.200036.9125.2.448818514585232.65119696924.17528 → 200
[0mGET /api/reports/status/1.2.392.200036.9125.2.448818514585232.65119728013.1752233 [32m200[0m 38.150 ms - 40[0m
[AUDIT] GET /api/reports/status/1.2.392.200036.9125.2.448818514585232.65119728013.1752233 → 200
Using deprecated auth middleware!
[AuthDebug] Headers: {
  host: 'localhost:5000',
  'user-agent': 'Mozilla/5.0 (X11; Ubuntu; Linux x86_64; rv:147.0) Gecko/20100101 Firefox/147.0',
  accept: 'application/json, text/plain, */*',
  'accept-language': 'en-US,en;q=0.9',
  'accept-encoding': 'gzip, deflate, br, zstd',
  'cache-control': 'no-cache',
  pragma: 'no-cache',
  expires: '0',
  authorization: 'Bearer eyJhbGciOiJIUzI1NiIsInR5cCI6IkpXVCJ9.eyJpZCI6MSwidXNlcm5hbWUiOiJhZG1pbiIsInJvbGUiOiJhZG1pbiIsImlhdCI6MTc2ODY0NzI1MSwiZXhwIjoxNzcxMjM5MjUxfQ.d7k_VWzequlQotcgtpoBWhyXGBxuyfrypL5cRyp75-Y',
  origin: 'http://localhost:3000',
  connection: 'keep-alive',
  referer: 'http://localhost:3000/',
  cookie: 'next-auth.session-token=eyJhbGciOiJkaXIiLCJlbmMiOiJBMjU2Q0JDLUhTNTEyIiwia2lkIjoiTmpCUm5EMGxDblVhaEdWSkJJSkxYaDJFNVF0ejdTVEVjemZtcjFZS3BrTU1RT2VHZlBIWkdqdGx0QkNvZ1hzTUhtSFMwXzRkNWYxVUQwTlZOV3Y5S0EifQ..l72cTkhP_4N-Cy767olP9w.UfhI7S3S_w-ilpspBIN6r6u4zRu39_lrOkJWJTEUFp5kGVfQoQGBZTbonXlnWclgxyhUHCcY_zkLDNC1uZ_44_6ZmSx8Q7RiPB9iMaokXXLiQ6ot5mqfpJorDg6VRrvGp90yUaGFhrBXgH7XEqb3K-_u3Rk29SfPLbAtNnkRs6EO2nzvUvf48qqmDc88g73fTQ9SVRxKbA5O6xUneMBg7AWQ-yB3G4lLIW0w8u1eVSKB_xdzt-O8gARdOVqD-ojJjBMFeixBBuMUc9IJXtKMMTf2OfEJD-OUhGnDw5-UgKE.Kjm3foPMXW4iJ3lxmPoUAoUpL7GVmFO6oL--lwfoAYk',
  'sec-fetch-dest': 'empty',
  'sec-fetch-mode': 'cors',
  'sec-fetch-site': 'same-site',
  priority: 'u=0'
}
[AuthDebug] AuthHeader: Bearer eyJhbGciOiJIUzI1NiIsInR5cCI6IkpXVCJ9.eyJpZCI6MSwidXNlcm5hbWUiOiJhZG1pbiIsInJvbGUiOiJhZG1pbiIsImlhdCI6MTc2ODY0NzI1MSwiZXhwIjoxNzcxMjM5MjUxfQ.d7k_VWzequlQotcgtpoBWhyXGBxuyfrypL5cRyp75-Y
Using deprecated auth middleware!
Using deprecated auth middleware!
[AuthDebug] Headers: {
  host: 'localhost:5000',
  'user-agent': 'Mozilla/5.0 (X11; Ubuntu; Linux x86_64; rv:147.0) Gecko/20100101 Firefox/147.0',
  accept: 'application/json, text/plain, */*',
  'accept-language': 'en-US,en;q=0.9',
  'accept-encoding': 'gzip, deflate, br, zstd',
  'cache-control': 'no-cache',
  pragma: 'no-cache',
  expires: '0',
  authorization: 'Bearer eyJhbGciOiJIUzI1NiIsInR5cCI6IkpXVCJ9.eyJpZCI6MSwidXNlcm5hbWUiOiJhZG1pbiIsInJvbGUiOiJhZG1pbiIsImlhdCI6MTc2ODY0NzI1MSwiZXhwIjoxNzcxMjM5MjUxfQ.d7k_VWzequlQotcgtpoBWhyXGBxuyfrypL5cRyp75-Y',
  origin: 'http://localhost:3000',
  connection: 'keep-alive',
  referer: 'http://localhost:3000/',
  cookie: 'next-auth.session-token=eyJhbGciOiJkaXIiLCJlbmMiOiJBMjU2Q0JDLUhTNTEyIiwia2lkIjoiTmpCUm5EMGxDblVhaEdWSkJJSkxYaDJFNVF0ejdTVEVjemZtcjFZS3BrTU1RT2VHZlBIWkdqdGx0QkNvZ1hzTUhtSFMwXzRkNWYxVUQwTlZOV3Y5S0EifQ..l72cTkhP_4N-Cy767olP9w.UfhI7S3S_w-ilpspBIN6r6u4zRu39_lrOkJWJTEUFp5kGVfQoQGBZTbonXlnWclgxyhUHCcY_zkLDNC1uZ_44_6ZmSx8Q7RiPB9iMaokXXLiQ6ot5mqfpJorDg6VRrvGp90yUaGFhrBXgH7XEqb3K-_u3Rk29SfPLbAtNnkRs6EO2nzvUvf48qqmDc88g73fTQ9SVRxKbA5O6xUneMBg7AWQ-yB3G4lLIW0w8u1eVSKB_xdzt-O8gARdOVqD-ojJjBMFeixBBuMUc9IJXtKMMTf2OfEJD-OUhGnDw5-UgKE.Kjm3foPMXW4iJ3lxmPoUAoUpL7GVmFO6oL--lwfoAYk',
  'sec-fetch-dest': 'empty',
  'sec-fetch-mode': 'cors',
  'sec-fetch-site': 'same-site',
  priority: 'u=0'
}
[AuthDebug] AuthHeader: Bearer eyJhbGciOiJIUzI1NiIsInR5cCI6IkpXVCJ9.eyJpZCI6MSwidXNlcm5hbWUiOiJhZG1pbiIsInJvbGUiOiJhZG1pbiIsImlhdCI6MTc2ODY0NzI1MSwiZXhwIjoxNzcxMjM5MjUxfQ.d7k_VWzequlQotcgtpoBWhyXGBxuyfrypL5cRyp75-Y
Using deprecated auth middleware!
[0mGET /api/reports/1.2.392.200036.9125.2.448818514585232.65119767074.586847 [32m200[0m 16.388 ms - 28[0m
[AUDIT] GET /api/reports/1.2.392.200036.9125.2.448818514585232.65119767074.586847 → 200
[0mGET /api/settings [32m200[0m 16.057 ms - 592[0m
[AUDIT] GET /api/settings → 200
[0mGET /api/reports/1.2.392.200036.9125.2.448818514585232.65119767074.586847/keyimages [32m200[0m 14.194 ms - 26[0m
[AUDIT] GET /api/reports/1.2.392.200036.9125.2.448818514585232.65119767074.586847/keyimages → 200
[0mGET /api/reports/1.2.392.200036.9125.2.448818514585232.65119767074.586847 [32m200[0m 14.737 ms - 28[0m
[AUDIT] GET /api/reports/1.2.392.200036.9125.2.448818514585232.65119767074.586847 → 200
[0mGET /api/settings [32m200[0m 17.440 ms - 592[0m
[AUDIT] GET /api/settings → 200
[0mGET /api/reports/1.2.392.200036.9125.2.448818514585232.65119767074.586847/keyimages [32m200[0m 15.847 ms - 26[0m
[AUDIT] GET /api/reports/1.2.392.200036.9125.2.448818514585232.65119767074.586847/keyimages → 200
Using deprecated auth middleware!
[0mPOST /api/studies/1.2.392.200036.9125.2.448818514585232.65119767074.586847/meta [32m200[0m 34.872 ms - 45[0m
[AUDIT] POST /api/studies/1.2.392.200036.9125.2.448818514585232.65119767074.586847/meta → 200
Using deprecated auth middleware!
[0mPOST /api/studies/1.2.392.200036.9125.2.448818514585232.65119767074.586847/meta [32m200[0m 26.405 ms - 45[0m
[AUDIT] POST /api/studies/1.2.392.200036.9125.2.448818514585232.65119767074.586847/meta → 200
Using deprecated auth middleware!
[0mPOST /api/reports/1.2.392.200036.9125.2.448818514585232.65119767074.586847/keyimage/upload [32m201[0m 96.127 ms - 355[0m
[AUDIT] POST /api/reports/1.2.392.200036.9125.2.448818514585232.65119767074.586847/keyimage/upload → 201
Using deprecated auth middleware!
[0mGET /api/reports/1.2.392.200036.9125.2.448818514585232.65119767074.586847/keyimages [32m200[0m 2.210 ms - 230[0m
[AUDIT] GET /api/reports/1.2.392.200036.9125.2.448818514585232.65119767074.586847/keyimages → 200
[0mGET /api/uploads/keyimages/1768649419570-Screenshot%20from%202025-12-08%2016-59-33.png [32m200[0m 3.419 ms - 152261[0m
[AUDIT] GET /api/uploads/keyimages/1768649419570-Screenshot%20from%202025-12-08%2016-59-33.png → 200
Using deprecated auth middleware!
[0mPOST /api/reports/1.2.392.200036.9125.2.448818514585232.65119767074.586847/keyimage/upload [32m201[0m 60.814 ms - 376[0m
[AUDIT] POST /api/reports/1.2.392.200036.9125.2.448818514585232.65119767074.586847/keyimage/upload → 201
Using deprecated auth middleware!
[0mGET /api/reports/1.2.392.200036.9125.2.448818514585232.65119767074.586847/keyimages [32m200[0m 2.501 ms - 456[0m
[AUDIT] GET /api/reports/1.2.392.200036.9125.2.448818514585232.65119767074.586847/keyimages → 200
[0mGET /api/uploads/keyimages/1768649428466-1.2.392.200036.9125.2.13210514785539.65116189046.3400184.png [32m200[0m 1.392 ms - 127342[0m
[AUDIT] GET /api/uploads/keyimages/1768649428466-1.2.392.200036.9125.2.13210514785539.65116189046.3400184.png → 200
Using deprecated auth middleware!
[0mDELETE /api/reports/keyimage/10166c46-9455-42c4-b983-6863fd591326 [32m200[0m 13.815 ms - 16[0m
[AUDIT] DELETE /api/reports/keyimage/10166c46-9455-42c4-b983-6863fd591326 → 200
Using deprecated auth middleware!
[0mGET /api/reports/1.2.392.200036.9125.2.448818514585232.65119767074.586847/keyimages [32m200[0m 1.575 ms - 230[0m
[AUDIT] GET /api/reports/1.2.392.200036.9125.2.448818514585232.65119767074.586847/keyimages → 200
Using deprecated auth middleware!
[0mDELETE /api/reports/keyimage/9a015b4b-e1ad-43a2-8f0e-1c36b43bc04c [32m200[0m 24.270 ms - 16[0m
[AUDIT] DELETE /api/reports/keyimage/9a015b4b-e1ad-43a2-8f0e-1c36b43bc04c → 200
Using deprecated auth middleware!
[0mGET /api/reports/1.2.392.200036.9125.2.448818514585232.65119767074.586847/keyimages [32m200[0m 1.701 ms - 26[0m
[AUDIT] GET /api/reports/1.2.392.200036.9125.2.448818514585232.65119767074.586847/keyimages → 200
[AuthDebug] Headers: {
  host: 'localhost:5000',
  'user-agent': 'Mozilla/5.0 (X11; Ubuntu; Linux x86_64; rv:147.0) Gecko/20100101 Firefox/147.0',
  accept: 'application/json, text/plain, */*',
  'accept-language': 'en-US,en;q=0.9',
  'accept-encoding': 'gzip, deflate, br, zstd',
  'cache-control': 'no-cache',
  pragma: 'no-cache',
  expires: '0',
  authorization: 'Bearer eyJhbGciOiJIUzI1NiIsInR5cCI6IkpXVCJ9.eyJpZCI6MSwidXNlcm5hbWUiOiJhZG1pbiIsInJvbGUiOiJhZG1pbiIsImlhdCI6MTc2ODY0NzI1MSwiZXhwIjoxNzcxMjM5MjUxfQ.d7k_VWzequlQotcgtpoBWhyXGBxuyfrypL5cRyp75-Y',
  origin: 'http://localhost:3000',
  connection: 'keep-alive',
  referer: 'http://localhost:3000/',
  cookie: 'next-auth.session-token=eyJhbGciOiJkaXIiLCJlbmMiOiJBMjU2Q0JDLUhTNTEyIiwia2lkIjoiTmpCUm5EMGxDblVhaEdWSkJJSkxYaDJFNVF0ejdTVEVjemZtcjFZS3BrTU1RT2VHZlBIWkdqdGx0QkNvZ1hzTUhtSFMwXzRkNWYxVUQwTlZOV3Y5S0EifQ..l72cTkhP_4N-Cy767olP9w.UfhI7S3S_w-ilpspBIN6r6u4zRu39_lrOkJWJTEUFp5kGVfQoQGBZTbonXlnWclgxyhUHCcY_zkLDNC1uZ_44_6ZmSx8Q7RiPB9iMaokXXLiQ6ot5mqfpJorDg6VRrvGp90yUaGFhrBXgH7XEqb3K-_u3Rk29SfPLbAtNnkRs6EO2nzvUvf48qqmDc88g73fTQ9SVRxKbA5O6xUneMBg7AWQ-yB3G4lLIW0w8u1eVSKB_xdzt-O8gARdOVqD-ojJjBMFeixBBuMUc9IJXtKMMTf2OfEJD-OUhGnDw5-UgKE.Kjm3foPMXW4iJ3lxmPoUAoUpL7GVmFO6oL--lwfoAYk',
  'sec-fetch-dest': 'empty',
  'sec-fetch-mode': 'cors',
  'sec-fetch-site': 'same-site'
}
[AuthDebug] AuthHeader: Bearer eyJhbGciOiJIUzI1NiIsInR5cCI6IkpXVCJ9.eyJpZCI6MSwidXNlcm5hbWUiOiJhZG1pbiIsInJvbGUiOiJhZG1pbiIsImlhdCI6MTc2ODY0NzI1MSwiZXhwIjoxNzcxMjM5MjUxfQ.d7k_VWzequlQotcgtpoBWhyXGBxuyfrypL5cRyp75-Y
[0mGET /api/auth/me [32m200[0m 0.880 ms - 66[0m
[AUDIT] GET /api/auth/me → 200
[AuthDebug] Headers: {
  host: 'localhost:5000',
  'user-agent': 'Mozilla/5.0 (X11; Ubuntu; Linux x86_64; rv:147.0) Gecko/20100101 Firefox/147.0',
  accept: 'application/json, text/plain, */*',
  'accept-language': 'en-US,en;q=0.9',
  'accept-encoding': 'gzip, deflate, br, zstd',
  'cache-control': 'no-cache',
  pragma: 'no-cache',
  expires: '0',
  authorization: 'Bearer eyJhbGciOiJIUzI1NiIsInR5cCI6IkpXVCJ9.eyJpZCI6MSwidXNlcm5hbWUiOiJhZG1pbiIsInJvbGUiOiJhZG1pbiIsImlhdCI6MTc2ODY0NzI1MSwiZXhwIjoxNzcxMjM5MjUxfQ.d7k_VWzequlQotcgtpoBWhyXGBxuyfrypL5cRyp75-Y',
  origin: 'http://localhost:3000',
  connection: 'keep-alive',
  referer: 'http://localhost:3000/',
  cookie: 'next-auth.session-token=eyJhbGciOiJkaXIiLCJlbmMiOiJBMjU2Q0JDLUhTNTEyIiwia2lkIjoiTmpCUm5EMGxDblVhaEdWSkJJSkxYaDJFNVF0ejdTVEVjemZtcjFZS3BrTU1RT2VHZlBIWkdqdGx0QkNvZ1hzTUhtSFMwXzRkNWYxVUQwTlZOV3Y5S0EifQ..l72cTkhP_4N-Cy767olP9w.UfhI7S3S_w-ilpspBIN6r6u4zRu39_lrOkJWJTEUFp5kGVfQoQGBZTbonXlnWclgxyhUHCcY_zkLDNC1uZ_44_6ZmSx8Q7RiPB9iMaokXXLiQ6ot5mqfpJorDg6VRrvGp90yUaGFhrBXgH7XEqb3K-_u3Rk29SfPLbAtNnkRs6EO2nzvUvf48qqmDc88g73fTQ9SVRxKbA5O6xUneMBg7AWQ-yB3G4lLIW0w8u1eVSKB_xdzt-O8gARdOVqD-ojJjBMFeixBBuMUc9IJXtKMMTf2OfEJD-OUhGnDw5-UgKE.Kjm3foPMXW4iJ3lxmPoUAoUpL7GVmFO6oL--lwfoAYk',
  'sec-fetch-dest': 'empty',
  'sec-fetch-mode': 'cors',
  'sec-fetch-site': 'same-site'
}
[AuthDebug] AuthHeader: Bearer eyJhbGciOiJIUzI1NiIsInR5cCI6IkpXVCJ9.eyJpZCI6MSwidXNlcm5hbWUiOiJhZG1pbiIsInJvbGUiOiJhZG1pbiIsImlhdCI6MTc2ODY0NzI1MSwiZXhwIjoxNzcxMjM5MjUxfQ.d7k_VWzequlQotcgtpoBWhyXGBxuyfrypL5cRyp75-Y
[0mGET /api/auth/me [32m200[0m 3.006 ms - 66[0m
[AUDIT] GET /api/auth/me → 200
Using deprecated auth middleware!
Using deprecated auth middleware!
[0mGET /api/pacs [32m200[0m 12.289 ms - 632[0m
[AUDIT] GET /api/pacs → 200
[0mGET /api/pacs [32m200[0m 12.136 ms - 632[0m
[AUDIT] GET /api/pacs → 200
Using deprecated auth middleware!
[0mGET /api/pacs [32m200[0m 1.571 ms - 632[0m
[AUDIT] GET /api/pacs → 200
Using deprecated auth middleware!
[0mGET /api/pacs [32m200[0m 6.401 ms - 632[0m
[AUDIT] GET /api/pacs → 200
📡 Fetching PACS: http://192.168.1.34:8042/qido/studies?StudyDate=20251217-20260117&includefield=00081030&includefield=00080061&includefield=00180015
📡 Fetching PACS: http://192.168.1.34:8042/qido/studies?StudyDate=20251217-20260117&includefield=00081030&includefield=00080061&includefield=00180015
📡 Fetching PACS: http://192.168.1.34:8042/dcm4chee-arc/rs/studies?StudyDate=20251217-20260117&includefield=00081030&includefield=00080061&includefield=00180015
📡 Fetching PACS: http://192.168.1.34:8042/dcm4chee-arc/rs/studies?StudyDate=20251217-20260117&includefield=00081030&includefield=00080061&includefield=00180015
📡 Fetching PACS: http://192.168.1.34:8042/dicom-web/studies?StudyDate=20251217-20260117&includefield=00081030&includefield=00080061&includefield=00180015
📡 Fetching PACS: http://192.168.1.34:8042/dicom-web/studies?StudyDate=20251217-20260117&includefield=00081030&includefield=00080061&includefield=00180015
[0mGET /api/pacs/9/studies?startDate=2025-12-17&endDate=2026-01-17 [32m200[0m 35.924 ms - -[0m
[AUDIT] GET /api/pacs/9/studies?startDate=2025-12-17&endDate=2026-01-17 → 200
[0mGET /api/pacs/9/studies?startDate=2025-12-17&endDate=2026-01-17 [32m200[0m 39.193 ms - -[0m
[AUDIT] GET /api/pacs/9/studies?startDate=2025-12-17&endDate=2026-01-17 → 200
Using deprecated auth middleware!
Using deprecated auth middleware!
Using deprecated auth middleware!
[0mGET /api/reports/status/1.2.392.200036.9123.100.50.121111608645011251229110341000750578 [32m200[0m 5.237 ms - 40[0m
[AUDIT] GET /api/reports/status/1.2.392.200036.9123.100.50.121111608645011251229110341000750578 → 200
[0mGET /api/reports/status/1.2.392.200036.9123.100.50.121111608645011251229110341000750578 [32m200[0m 4.528 ms - 40[0m
[AUDIT] GET /api/reports/status/1.2.392.200036.9123.100.50.121111608645011251229110341000750578 → 200
Using deprecated auth middleware!
Using deprecated auth middleware!
Using deprecated auth middleware!
[0mGET /api/reports/status/1.2.392.200036.9125.2.448818514585232.65119767074.586847 [32m200[0m 5.874 ms - 40[0m
[AUDIT] GET /api/reports/status/1.2.392.200036.9125.2.448818514585232.65119767074.586847 → 200
[0mGET /api/reports/status/1.2.392.200036.9125.2.448818514585232.65119704664.175263 [32m200[0m 4.827 ms - 40[0m
[AUDIT] GET /api/reports/status/1.2.392.200036.9125.2.448818514585232.65119704664.175263 → 200
Using deprecated auth middleware!
Using deprecated auth middleware!
[0mGET /api/reports/status/1.2.392.200036.9125.2.448818514585232.65119728013.1752233 [32m200[0m 1.508 ms - 40[0m
[AUDIT] GET /api/reports/status/1.2.392.200036.9125.2.448818514585232.65119728013.1752233 → 200
[0mGET /api/reports/status/1.2.392.200036.9125.2.448818514585232.65119696924.17528 [32m200[0m 3.663 ms - 40[0m
[AUDIT] GET /api/reports/status/1.2.392.200036.9125.2.448818514585232.65119696924.17528 → 200
Using deprecated auth middleware!
[0mGET /api/reports/status/1.2.392.200036.9125.2.448818514585232.65119727480.1752217 [32m200[0m 2.267 ms - 40[0m
[AUDIT] GET /api/reports/status/1.2.392.200036.9125.2.448818514585232.65119727480.1752217 → 200
Using deprecated auth middleware!
Using deprecated auth middleware!
[0mGET /api/reports/status/1.2.392.200036.9125.2.448818514585232.65119767074.586847 [32m200[0m 4.667 ms - 40[0m
[AUDIT] GET /api/reports/status/1.2.392.200036.9125.2.448818514585232.65119767074.586847 → 200
Using deprecated auth middleware!
[0mGET /api/reports/status/1.2.392.200036.9125.2.448818514585232.65119704664.175263 [32m200[0m 7.273 ms - 40[0m
[AUDIT] GET /api/reports/status/1.2.392.200036.9125.2.448818514585232.65119704664.175263 → 200
[0mGET /api/reports/status/1.2.392.200036.9125.2.448818514585232.65119728013.1752233 [32m200[0m 3.887 ms - 40[0m
[AUDIT] GET /api/reports/status/1.2.392.200036.9125.2.448818514585232.65119728013.1752233 → 200
Using deprecated auth middleware!
Using deprecated auth middleware!
[0mGET /api/reports/status/1.2.392.200036.9125.2.448818514585232.65119696924.17528 [32m200[0m 2.979 ms - 40[0m
[AUDIT] GET /api/reports/status/1.2.392.200036.9125.2.448818514585232.65119696924.17528 → 200
[0mGET /api/reports/status/1.2.392.200036.9125.2.448818514585232.65119727480.1752217 [32m200[0m 2.878 ms - 40[0m
[AUDIT] GET /api/reports/status/1.2.392.200036.9125.2.448818514585232.65119727480.1752217 → 200
[0mGET /api/reports/status/1.2.392.200036.9125.2.448818514585232.65119802101.5868411 [32m200[0m 45.639 ms - 40[0m
[AUDIT] GET /api/reports/status/1.2.392.200036.9125.2.448818514585232.65119802101.5868411 → 200
[0mGET /api/reports/status/1.2.392.200036.9125.2.448818514585232.65119802101.5868411 [32m200[0m 41.464 ms - 40[0m
[AUDIT] GET /api/reports/status/1.2.392.200036.9125.2.448818514585232.65119802101.5868411 → 200
Using deprecated auth middleware!
[0mGET /api/reports/1.2.392.200036.9125.2.448818514585232.65119727480.1752217 [32m200[0m 2.887 ms - 28[0m
[AUDIT] GET /api/reports/1.2.392.200036.9125.2.448818514585232.65119727480.1752217 → 200
Using deprecated auth middleware!
[AuthDebug] Headers: {
  host: 'localhost:5000',
  'user-agent': 'Mozilla/5.0 (X11; Ubuntu; Linux x86_64; rv:147.0) Gecko/20100101 Firefox/147.0',
  accept: 'application/json, text/plain, */*',
  'accept-language': 'en-US,en;q=0.9',
  'accept-encoding': 'gzip, deflate, br, zstd',
  'cache-control': 'no-cache',
  pragma: 'no-cache',
  expires: '0',
  authorization: 'Bearer eyJhbGciOiJIUzI1NiIsInR5cCI6IkpXVCJ9.eyJpZCI6MSwidXNlcm5hbWUiOiJhZG1pbiIsInJvbGUiOiJhZG1pbiIsImlhdCI6MTc2ODY0NzI1MSwiZXhwIjoxNzcxMjM5MjUxfQ.d7k_VWzequlQotcgtpoBWhyXGBxuyfrypL5cRyp75-Y',
  origin: 'http://localhost:3000',
  connection: 'keep-alive',
  referer: 'http://localhost:3000/',
  cookie: 'next-auth.session-token=eyJhbGciOiJkaXIiLCJlbmMiOiJBMjU2Q0JDLUhTNTEyIiwia2lkIjoiTmpCUm5EMGxDblVhaEdWSkJJSkxYaDJFNVF0ejdTVEVjemZtcjFZS3BrTU1RT2VHZlBIWkdqdGx0QkNvZ1hzTUhtSFMwXzRkNWYxVUQwTlZOV3Y5S0EifQ..l72cTkhP_4N-Cy767olP9w.UfhI7S3S_w-ilpspBIN6r6u4zRu39_lrOkJWJTEUFp5kGVfQoQGBZTbonXlnWclgxyhUHCcY_zkLDNC1uZ_44_6ZmSx8Q7RiPB9iMaokXXLiQ6ot5mqfpJorDg6VRrvGp90yUaGFhrBXgH7XEqb3K-_u3Rk29SfPLbAtNnkRs6EO2nzvUvf48qqmDc88g73fTQ9SVRxKbA5O6xUneMBg7AWQ-yB3G4lLIW0w8u1eVSKB_xdzt-O8gARdOVqD-ojJjBMFeixBBuMUc9IJXtKMMTf2OfEJD-OUhGnDw5-UgKE.Kjm3foPMXW4iJ3lxmPoUAoUpL7GVmFO6oL--lwfoAYk',
  'sec-fetch-dest': 'empty',
  'sec-fetch-mode': 'cors',
  'sec-fetch-site': 'same-site',
  priority: 'u=0'
}
[AuthDebug] AuthHeader: Bearer eyJhbGciOiJIUzI1NiIsInR5cCI6IkpXVCJ9.eyJpZCI6MSwidXNlcm5hbWUiOiJhZG1pbiIsInJvbGUiOiJhZG1pbiIsImlhdCI6MTc2ODY0NzI1MSwiZXhwIjoxNzcxMjM5MjUxfQ.d7k_VWzequlQotcgtpoBWhyXGBxuyfrypL5cRyp75-Y
[0mGET /api/reports/1.2.392.200036.9125.2.448818514585232.65119727480.1752217/keyimages [32m200[0m 4.984 ms - 26[0m
[AUDIT] GET /api/reports/1.2.392.200036.9125.2.448818514585232.65119727480.1752217/keyimages → 200
Using deprecated auth middleware!
[0mGET /api/settings [32m200[0m 3.819 ms - 592[0m
[AUDIT] GET /api/settings → 200
Using deprecated auth middleware!
[0mGET /api/reports/1.2.392.200036.9125.2.448818514585232.65119727480.1752217/keyimages [32m200[0m 3.480 ms - 26[0m
[AUDIT] GET /api/reports/1.2.392.200036.9125.2.448818514585232.65119727480.1752217/keyimages → 200
[AuthDebug] Headers: {
  host: 'localhost:5000',
  'user-agent': 'Mozilla/5.0 (X11; Ubuntu; Linux x86_64; rv:147.0) Gecko/20100101 Firefox/147.0',
  accept: 'application/json, text/plain, */*',
  'accept-language': 'en-US,en;q=0.9',
  'accept-encoding': 'gzip, deflate, br, zstd',
  'cache-control': 'no-cache',
  pragma: 'no-cache',
  expires: '0',
  authorization: 'Bearer eyJhbGciOiJIUzI1NiIsInR5cCI6IkpXVCJ9.eyJpZCI6MSwidXNlcm5hbWUiOiJhZG1pbiIsInJvbGUiOiJhZG1pbiIsImlhdCI6MTc2ODY0NzI1MSwiZXhwIjoxNzcxMjM5MjUxfQ.d7k_VWzequlQotcgtpoBWhyXGBxuyfrypL5cRyp75-Y',
  origin: 'http://localhost:3000',
  connection: 'keep-alive',
  referer: 'http://localhost:3000/',
  cookie: 'next-auth.session-token=eyJhbGciOiJkaXIiLCJlbmMiOiJBMjU2Q0JDLUhTNTEyIiwia2lkIjoiTmpCUm5EMGxDblVhaEdWSkJJSkxYaDJFNVF0ejdTVEVjemZtcjFZS3BrTU1RT2VHZlBIWkdqdGx0QkNvZ1hzTUhtSFMwXzRkNWYxVUQwTlZOV3Y5S0EifQ..l72cTkhP_4N-Cy767olP9w.UfhI7S3S_w-ilpspBIN6r6u4zRu39_lrOkJWJTEUFp5kGVfQoQGBZTbonXlnWclgxyhUHCcY_zkLDNC1uZ_44_6ZmSx8Q7RiPB9iMaokXXLiQ6ot5mqfpJorDg6VRrvGp90yUaGFhrBXgH7XEqb3K-_u3Rk29SfPLbAtNnkRs6EO2nzvUvf48qqmDc88g73fTQ9SVRxKbA5O6xUneMBg7AWQ-yB3G4lLIW0w8u1eVSKB_xdzt-O8gARdOVqD-ojJjBMFeixBBuMUc9IJXtKMMTf2OfEJD-OUhGnDw5-UgKE.Kjm3foPMXW4iJ3lxmPoUAoUpL7GVmFO6oL--lwfoAYk',
  'sec-fetch-dest': 'empty',
  'sec-fetch-mode': 'cors',
  'sec-fetch-site': 'same-site',
  priority: 'u=0'
}
[AuthDebug] AuthHeader: Bearer eyJhbGciOiJIUzI1NiIsInR5cCI6IkpXVCJ9.eyJpZCI6MSwidXNlcm5hbWUiOiJhZG1pbiIsInJvbGUiOiJhZG1pbiIsImlhdCI6MTc2ODY0NzI1MSwiZXhwIjoxNzcxMjM5MjUxfQ.d7k_VWzequlQotcgtpoBWhyXGBxuyfrypL5cRyp75-Y
[0mGET /api/reports/1.2.392.200036.9125.2.448818514585232.65119727480.1752217 [32m200[0m 6.031 ms - 28[0m
[AUDIT] GET /api/reports/1.2.392.200036.9125.2.448818514585232.65119727480.1752217 → 200
[0mGET /api/settings [32m200[0m 2.622 ms - 592[0m
[AUDIT] GET /api/settings → 200
📡 Fetching PACS: http://192.168.1.34:8042/qido/studies?StudyDate=20250908-20260117&includefield=00081030&includefield=00080061&includefield=00180015
📡 Fetching PACS: http://192.168.1.34:8042/dcm4chee-arc/rs/studies?StudyDate=20250908-20260117&includefield=00081030&includefield=00080061&includefield=00180015
📡 Fetching PACS: http://192.168.1.34:8042/dicom-web/studies?StudyDate=20250908-20260117&includefield=00081030&includefield=00080061&includefield=00180015
[0mGET /api/pacs/9/studies?startDate=2025-09-08&endDate=2026-01-17 [32m200[0m 5792.053 ms - -[0m
[AUDIT] GET /api/pacs/9/studies?startDate=2025-09-08&endDate=2026-01-17 → 200
Using deprecated auth middleware!
[0mGET /api/reports/status/1.2.392.200036.9123.100.50.121111608645011251229110341000750578 [32m200[0m 3.809 ms - 40[0m
[AUDIT] GET /api/reports/status/1.2.392.200036.9123.100.50.121111608645011251229110341000750578 → 200
Using deprecated auth middleware!
Using deprecated auth middleware!
[0mGET /api/reports/status/1.2.392.200036.9125.2.448818514585232.65119767074.586847 [32m200[0m 8.066 ms - 40[0m
[AUDIT] GET /api/reports/status/1.2.392.200036.9125.2.448818514585232.65119767074.586847 → 200
Using deprecated auth middleware!
[0mGET /api/reports/status/1.2.392.200036.9125.2.448818514585232.65119704664.175263 [32m200[0m 6.664 ms - 40[0m
[AUDIT] GET /api/reports/status/1.2.392.200036.9125.2.448818514585232.65119704664.175263 → 200
[0mGET /api/reports/status/1.2.392.200036.9125.2.448818514585232.65119802101.5868411 [32m200[0m 51.907 ms - 40[0m
[AUDIT] GET /api/reports/status/1.2.392.200036.9125.2.448818514585232.65119802101.5868411 → 200
Using deprecated auth middleware!
Using deprecated auth middleware!
Using deprecated auth middleware!
[0mGET /api/reports/status/1.2.392.200036.9125.2.448818514585232.65119696924.17528 [32m200[0m 5.295 ms - 40[0m
[AUDIT] GET /api/reports/status/1.2.392.200036.9125.2.448818514585232.65119696924.17528 → 200
[0mGET /api/reports/status/1.2.392.200036.9125.2.448818514585232.65119728013.1752233 [32m200[0m 9.837 ms - 40[0m
[AUDIT] GET /api/reports/status/1.2.392.200036.9125.2.448818514585232.65119728013.1752233 → 200
Using deprecated auth middleware!
Using deprecated auth middleware!
Using deprecated auth middleware!
Using deprecated auth middleware!
[0mGET /api/reports/status/1.2.392.200036.9125.2.448818514585232.65118008856.2236371 [32m200[0m 26.863 ms - 56[0m
[AUDIT] GET /api/reports/status/1.2.392.200036.9125.2.448818514585232.65118008856.2236371 → 200
[0mGET /api/reports/status/1.3.12.2.1107.5.2.47.181835.30000025120509142593400000011 [32m200[0m 24.452 ms - 40[0m
[AUDIT] GET /api/reports/status/1.3.12.2.1107.5.2.47.181835.30000025120509142593400000011 → 200
Using deprecated auth middleware!
Using deprecated auth middleware!
Using deprecated auth middleware!
[0mGET /api/reports/status/1.2.392.200036.9123.100.50.121111608645011251208100540000512915 [32m200[0m 33.342 ms - 56[0m
[AUDIT] GET /api/reports/status/1.2.392.200036.9123.100.50.121111608645011251208100540000512915 → 200
[0mGET /api/reports/status/1.2.392.200036.9125.2.448818514585232.65117988360.2148232 [32m200[0m 14.905 ms - 56[0m
[AUDIT] GET /api/reports/status/1.2.392.200036.9125.2.448818514585232.65117988360.2148232 → 200
Using deprecated auth middleware!
Using deprecated auth middleware!
[0mGET /api/reports/status/1.3.12.2.1107.5.1.4.86344.30000025120219220461900000013 [32m200[0m 7.932 ms - 40[0m
[AUDIT] GET /api/reports/status/1.3.12.2.1107.5.1.4.86344.30000025120219220461900000013 → 200
[0mGET /api/reports/status/1.2.392.200036.9125.2.448818514585232.65116970158.6696132 [32m200[0m 5.342 ms - 62[0m
[AUDIT] GET /api/reports/status/1.2.392.200036.9125.2.448818514585232.65116970158.6696132 → 200
Using deprecated auth middleware!
[0mGET /api/reports/status/1.3.12.2.1107.5.1.4.86344.30000025112619221499400000004 [32m200[0m 2.849 ms - 40[0m
[AUDIT] GET /api/reports/status/1.3.12.2.1107.5.1.4.86344.30000025112619221499400000004 → 200
Using deprecated auth middleware!
Using deprecated auth middleware!
[0mGET /api/reports/status/1.2.392.200036.9125.2.448818514585232.65116954271.50881050 [32m200[0m 8.103 ms - 56[0m
[AUDIT] GET /api/reports/status/1.2.392.200036.9125.2.448818514585232.65116954271.50881050 → 200
[0mGET /api/reports/status/1.3.12.2.1107.5.2.47.181835.30000025112708134972600000003 [32m200[0m 8.446 ms - 40[0m
[AUDIT] GET /api/reports/status/1.3.12.2.1107.5.2.47.181835.30000025112708134972600000003 → 200
[0mGET /api/reports/status/1.3.12.2.1107.5.1.4.86344.30000025113022080686000000007 [32m200[0m 94.981 ms - 40[0m
[AUDIT] GET /api/reports/status/1.3.12.2.1107.5.1.4.86344.30000025113022080686000000007 → 200
Using deprecated auth middleware!
[0mGET /api/reports/status/1.3.12.2.1107.5.1.4.86344.30000025120803523574200000022 [32m200[0m 87.977 ms - 56[0m
[AUDIT] GET /api/reports/status/1.3.12.2.1107.5.1.4.86344.30000025120803523574200000022 → 200
Using deprecated auth middleware!
[0mGET /api/reports/status/1.2.392.200036.9125.2.448818514585232.65116949298.5088755 [32m200[0m 6.442 ms - 56[0m
[AUDIT] GET /api/reports/status/1.2.392.200036.9125.2.448818514585232.65116949298.5088755 → 200
[0mGET /api/reports/status/1.2.392.200036.9125.2.448818514585232.65119727480.1752217 [32m200[0m 122.323 ms - 40[0m
[AUDIT] GET /api/reports/status/1.2.392.200036.9125.2.448818514585232.65119727480.1752217 → 200
Using deprecated auth middleware!
Using deprecated auth middleware!
[0mGET /api/reports/status/1.2.392.200036.9125.2.13210514785539.65116184015.340072 [32m200[0m 12.272 ms - 40[0m
[AUDIT] GET /api/reports/status/1.2.392.200036.9125.2.13210514785539.65116184015.340072 → 200
[0mGET /api/reports/status/1.2.392.200036.9125.2.13210514785539.65116188964.3400152 [32m200[0m 4.737 ms - 40[0m
[AUDIT] GET /api/reports/status/1.2.392.200036.9125.2.13210514785539.65116188964.3400152 → 200
[0mGET /api/reports/status/1.2.392.200036.9123.100.50.121111608645011251127103209000550318 [32m200[0m 8.569 ms - 40[0m
[AUDIT] GET /api/reports/status/1.2.392.200036.9123.100.50.121111608645011251127103209000550318 → 200
[0mGET /api/reports/status/1.3.12.2.1107.5.1.4.86344.30000025112619221499400000028 [32m200[0m 77.267 ms - 56[0m
[AUDIT] GET /api/reports/status/1.3.12.2.1107.5.1.4.86344.30000025112619221499400000028 → 200
Using deprecated auth middleware!
Using deprecated auth middleware!
[0mGET /api/reports/status/1.2.392.200036.9125.2.448818514585232.65116167138.8232109 [32m200[0m 3.091 ms - 40[0m
[AUDIT] GET /api/reports/status/1.2.392.200036.9125.2.448818514585232.65116167138.8232109 → 200
Using deprecated auth middleware!
Using deprecated auth middleware!
Using deprecated auth middleware!
Using deprecated auth middleware!
[0mGET /api/reports/status/1.2.392.200036.9123.100.50.121111608645011251118122504000948442 [32m200[0m 9.837 ms - 56[0m
[AUDIT] GET /api/reports/status/1.2.392.200036.9123.100.50.121111608645011251118122504000948442 → 200
[0mGET /api/reports/status/1.2.392.200036.9123.100.50.121111608645011251111100912000005641 [32m200[0m 14.068 ms - 40[0m
[AUDIT] GET /api/reports/status/1.2.392.200036.9123.100.50.121111608645011251111100912000005641 → 200
Using deprecated auth middleware!
[0mGET /api/reports/status/1.2.392.200036.9125.2.13210514785539.65116189046.3400184 [32m200[0m 13.952 ms - 40[0m
[AUDIT] GET /api/reports/status/1.2.392.200036.9125.2.13210514785539.65116189046.3400184 → 200
[0mGET /api/reports/status/1.2.392.200036.9123.100.50.121111608645011251118103331000928825 [32m200[0m 12.569 ms - 56[0m
[AUDIT] GET /api/reports/status/1.2.392.200036.9123.100.50.121111608645011251118103331000928825 → 200
[0mGET /api/reports/status/1.2.392.200036.9123.100.50.121111608645011251111114257000599856 [32m200[0m 6.101 ms - 40[0m
[AUDIT] GET /api/reports/status/1.2.392.200036.9123.100.50.121111608645011251111114257000599856 → 200
[0mGET /api/reports/status/1.2.392.200036.9123.100.50.121111608645011251111102304000137758 [32m200[0m 12.662 ms - 40[0m
[AUDIT] GET /api/reports/status/1.2.392.200036.9123.100.50.121111608645011251111102304000137758 → 200
Using deprecated auth middleware!
Using deprecated auth middleware!
Using deprecated auth middleware!
Using deprecated auth middleware!
[0mGET /api/reports/status/1.2.392.200036.9125.2.448818514585232.65115567746.8348214 [32m200[0m 3.830 ms - 40[0m
[AUDIT] GET /api/reports/status/1.2.392.200036.9125.2.448818514585232.65115567746.8348214 → 200
[0mGET /api/reports/status/1.2.392.200036.9125.2.448818514585232.65115559814.834824 [32m200[0m 7.022 ms - 40[0m
[AUDIT] GET /api/reports/status/1.2.392.200036.9125.2.448818514585232.65115559814.834824 → 200
Using deprecated auth middleware!
Using deprecated auth middleware!
[0mGET /api/reports/status/1.2.392.200036.9125.2.448818514585232.65115565091.834886 [32m200[0m 8.928 ms - 40[0m
[AUDIT] GET /api/reports/status/1.2.392.200036.9125.2.448818514585232.65115565091.834886 → 200
[0mGET /api/reports/status/1.2.392.200036.9125.2.448818514585232.65115567052.8348198 [32m200[0m 3.535 ms - 56[0m
[AUDIT] GET /api/reports/status/1.2.392.200036.9125.2.448818514585232.65115567052.8348198 → 200
[0mGET /api/reports/status/1.3.12.2.1107.5.1.4.86344.30000025111020053959900000460 [32m200[0m 8.033 ms - 40[0m
[AUDIT] GET /api/reports/status/1.3.12.2.1107.5.1.4.86344.30000025111020053959900000460 → 200
[0mGET /api/reports/status/1.3.12.2.1107.5.2.47.181835.30000025111109042501900000003 [32m200[0m 19.623 ms - 40[0m
[AUDIT] GET /api/reports/status/1.3.12.2.1107.5.2.47.181835.30000025111109042501900000003 → 200
Using deprecated auth middleware!
Using deprecated auth middleware!
[0mGET /api/reports/status/1.2.392.200036.9125.2.448818514585232.65114612084.44208 [32m200[0m 2.421 ms - 40[0m
[AUDIT] GET /api/reports/status/1.2.392.200036.9125.2.448818514585232.65114612084.44208 → 200
[0mGET /api/reports/status/1.2.392.200036.9125.2.448818514585232.65114446862.9208150 [32m200[0m 6.933 ms - 40[0m
[AUDIT] GET /api/reports/status/1.2.392.200036.9125.2.448818514585232.65114446862.9208150 → 200
Using deprecated auth middleware!
Using deprecated auth middleware!
Using deprecated auth middleware!
Using deprecated auth middleware!
[0mGET /api/reports/status/1.2.392.200036.9125.2.448818514585232.65110909371.6820492 [32m200[0m 5.262 ms - 56[0m
[AUDIT] GET /api/reports/status/1.2.392.200036.9125.2.448818514585232.65110909371.6820492 → 200
[0mGET /api/reports/status/1.2.392.200036.9125.2.448818514585232.65110901304.6820251 [32m200[0m 9.646 ms - 56[0m
[AUDIT] GET /api/reports/status/1.2.392.200036.9125.2.448818514585232.65110901304.6820251 → 200
Using deprecated auth middleware!
Using deprecated auth middleware!
[0mGET /api/reports/status/1.2.392.200036.9125.2.448818514585232.65110818644.1592606 [32m200[0m 15.072 ms - 40[0m
[AUDIT] GET /api/reports/status/1.2.392.200036.9125.2.448818514585232.65110818644.1592606 → 200
[0mGET /api/reports/status/1.2.392.200036.9125.2.448818514585232.65110816902.1592560 [32m200[0m 4.795 ms - 40[0m
[AUDIT] GET /api/reports/status/1.2.392.200036.9125.2.448818514585232.65110816902.1592560 → 200
[0mGET /api/reports/status/1.2.392.200036.9125.2.448818514585232.65110816346.1592544 [32m200[0m 8.148 ms - 40[0m
[AUDIT] GET /api/reports/status/1.2.392.200036.9125.2.448818514585232.65110816346.1592544 → 200
[0mGET /api/reports/status/1.2.392.200036.9125.2.448818514585232.65110818914.1592629 [32m200[0m 19.581 ms - 56[0m
[AUDIT] GET /api/reports/status/1.2.392.200036.9125.2.448818514585232.65110818914.1592629 → 200
Using deprecated auth middleware!
Using deprecated auth middleware!
Using deprecated auth middleware!
[0mGET /api/reports/status/1.2.392.200036.9125.2.448818514585232.65110810166.1592491 [32m200[0m 2.288 ms - 40[0m
[AUDIT] GET /api/reports/status/1.2.392.200036.9125.2.448818514585232.65110810166.1592491 → 200
[0mGET /api/reports/status/1.3.12.2.1107.5.1.4.86344.30000025091804401138900000004 [32m200[0m 5.294 ms - 40[0m
[AUDIT] GET /api/reports/status/1.3.12.2.1107.5.1.4.86344.30000025091804401138900000004 → 200
Using deprecated auth middleware!
Using deprecated auth middleware!
Using deprecated auth middleware!
[0mGET /api/reports/status/1.2.392.200036.9125.2.448818514585232.65110634266.889631 [32m200[0m 2.266 ms - 40[0m
[AUDIT] GET /api/reports/status/1.2.392.200036.9125.2.448818514585232.65110634266.889631 → 200
[0mGET /api/reports/status/1.2.392.200036.9125.2.448818514585232.65110656698.8896799 [32m200[0m 4.207 ms - 40[0m
[AUDIT] GET /api/reports/status/1.2.392.200036.9125.2.448818514585232.65110656698.8896799 → 200
[0mGET /api/reports/status/1.3.12.2.1107.5.1.4.86344.30000025091519242292800000010 [32m200[0m 8.419 ms - 40[0m
[AUDIT] GET /api/reports/status/1.3.12.2.1107.5.1.4.86344.30000025091519242292800000010 → 200
[0mGET /api/reports/status/1.2.392.200036.9125.2.448818514585232.65110654608.8896707 [32m200[0m 3.201 ms - 40[0m
[AUDIT] GET /api/reports/status/1.2.392.200036.9125.2.448818514585232.65110654608.8896707 → 200
Using deprecated auth middleware!
[AuthDebug] Headers: {
  host: 'localhost:5000',
  'user-agent': 'Mozilla/5.0 (X11; Ubuntu; Linux x86_64; rv:147.0) Gecko/20100101 Firefox/147.0',
  accept: 'application/json, text/plain, */*',
  'accept-language': 'en-US,en;q=0.9',
  'accept-encoding': 'gzip, deflate, br, zstd',
  'cache-control': 'no-cache',
  pragma: 'no-cache',
  expires: '0',
  authorization: 'Bearer eyJhbGciOiJIUzI1NiIsInR5cCI6IkpXVCJ9.eyJpZCI6MSwidXNlcm5hbWUiOiJhZG1pbiIsInJvbGUiOiJhZG1pbiIsImlhdCI6MTc2ODY0NzI1MSwiZXhwIjoxNzcxMjM5MjUxfQ.d7k_VWzequlQotcgtpoBWhyXGBxuyfrypL5cRyp75-Y',
  origin: 'http://localhost:3000',
  connection: 'keep-alive',
  referer: 'http://localhost:3000/',
  cookie: 'next-auth.session-token=eyJhbGciOiJkaXIiLCJlbmMiOiJBMjU2Q0JDLUhTNTEyIiwia2lkIjoiTmpCUm5EMGxDblVhaEdWSkJJSkxYaDJFNVF0ejdTVEVjemZtcjFZS3BrTU1RT2VHZlBIWkdqdGx0QkNvZ1hzTUhtSFMwXzRkNWYxVUQwTlZOV3Y5S0EifQ..l72cTkhP_4N-Cy767olP9w.UfhI7S3S_w-ilpspBIN6r6u4zRu39_lrOkJWJTEUFp5kGVfQoQGBZTbonXlnWclgxyhUHCcY_zkLDNC1uZ_44_6ZmSx8Q7RiPB9iMaokXXLiQ6ot5mqfpJorDg6VRrvGp90yUaGFhrBXgH7XEqb3K-_u3Rk29SfPLbAtNnkRs6EO2nzvUvf48qqmDc88g73fTQ9SVRxKbA5O6xUneMBg7AWQ-yB3G4lLIW0w8u1eVSKB_xdzt-O8gARdOVqD-ojJjBMFeixBBuMUc9IJXtKMMTf2OfEJD-OUhGnDw5-UgKE.Kjm3foPMXW4iJ3lxmPoUAoUpL7GVmFO6oL--lwfoAYk',
  'sec-fetch-dest': 'empty',
  'sec-fetch-mode': 'cors',
  'sec-fetch-site': 'same-site',
  priority: 'u=0'
}
[AuthDebug] AuthHeader: Bearer eyJhbGciOiJIUzI1NiIsInR5cCI6IkpXVCJ9.eyJpZCI6MSwidXNlcm5hbWUiOiJhZG1pbiIsInJvbGUiOiJhZG1pbiIsImlhdCI6MTc2ODY0NzI1MSwiZXhwIjoxNzcxMjM5MjUxfQ.d7k_VWzequlQotcgtpoBWhyXGBxuyfrypL5cRyp75-Y
Using deprecated auth middleware!
Using deprecated auth middleware!
[0mGET /api/reports/1.3.12.2.1107.5.1.4.86344.30000025112619221499400000004 [32m200[0m 7.638 ms - 28[0m
[AUDIT] GET /api/reports/1.3.12.2.1107.5.1.4.86344.30000025112619221499400000004 → 200
[AuthDebug] Headers: {
  host: 'localhost:5000',
  'user-agent': 'Mozilla/5.0 (X11; Ubuntu; Linux x86_64; rv:147.0) Gecko/20100101 Firefox/147.0',
  accept: 'application/json, text/plain, */*',
  'accept-language': 'en-US,en;q=0.9',
  'accept-encoding': 'gzip, deflate, br, zstd',
  'cache-control': 'no-cache',
  pragma: 'no-cache',
  expires: '0',
  authorization: 'Bearer eyJhbGciOiJIUzI1NiIsInR5cCI6IkpXVCJ9.eyJpZCI6MSwidXNlcm5hbWUiOiJhZG1pbiIsInJvbGUiOiJhZG1pbiIsImlhdCI6MTc2ODY0NzI1MSwiZXhwIjoxNzcxMjM5MjUxfQ.d7k_VWzequlQotcgtpoBWhyXGBxuyfrypL5cRyp75-Y',
  origin: 'http://localhost:3000',
  connection: 'keep-alive',
  referer: 'http://localhost:3000/',
  cookie: 'next-auth.session-token=eyJhbGciOiJkaXIiLCJlbmMiOiJBMjU2Q0JDLUhTNTEyIiwia2lkIjoiTmpCUm5EMGxDblVhaEdWSkJJSkxYaDJFNVF0ejdTVEVjemZtcjFZS3BrTU1RT2VHZlBIWkdqdGx0QkNvZ1hzTUhtSFMwXzRkNWYxVUQwTlZOV3Y5S0EifQ..l72cTkhP_4N-Cy767olP9w.UfhI7S3S_w-ilpspBIN6r6u4zRu39_lrOkJWJTEUFp5kGVfQoQGBZTbonXlnWclgxyhUHCcY_zkLDNC1uZ_44_6ZmSx8Q7RiPB9iMaokXXLiQ6ot5mqfpJorDg6VRrvGp90yUaGFhrBXgH7XEqb3K-_u3Rk29SfPLbAtNnkRs6EO2nzvUvf48qqmDc88g73fTQ9SVRxKbA5O6xUneMBg7AWQ-yB3G4lLIW0w8u1eVSKB_xdzt-O8gARdOVqD-ojJjBMFeixBBuMUc9IJXtKMMTf2OfEJD-OUhGnDw5-UgKE.Kjm3foPMXW4iJ3lxmPoUAoUpL7GVmFO6oL--lwfoAYk',
  'sec-fetch-dest': 'empty',
  'sec-fetch-mode': 'cors',
  'sec-fetch-site': 'same-site',
  priority: 'u=0'
}
[AuthDebug] AuthHeader: Bearer eyJhbGciOiJIUzI1NiIsInR5cCI6IkpXVCJ9.eyJpZCI6MSwidXNlcm5hbWUiOiJhZG1pbiIsInJvbGUiOiJhZG1pbiIsImlhdCI6MTc2ODY0NzI1MSwiZXhwIjoxNzcxMjM5MjUxfQ.d7k_VWzequlQotcgtpoBWhyXGBxuyfrypL5cRyp75-Y
Using deprecated auth middleware!
[0mGET /api/settings [32m200[0m 8.852 ms - 592[0m
[AUDIT] GET /api/settings → 200
[0mGET /api/reports/1.3.12.2.1107.5.1.4.86344.30000025112619221499400000004/keyimages [32m200[0m 7.877 ms - 26[0m
[AUDIT] GET /api/reports/1.3.12.2.1107.5.1.4.86344.30000025112619221499400000004/keyimages → 200
[0mGET /api/reports/1.3.12.2.1107.5.1.4.86344.30000025112619221499400000004 [32m200[0m 7.614 ms - 28[0m
[AUDIT] GET /api/reports/1.3.12.2.1107.5.1.4.86344.30000025112619221499400000004 → 200
[0mGET /api/settings [32m200[0m 4.843 ms - 592[0m
[AUDIT] GET /api/settings → 200
[0mGET /api/reports/1.3.12.2.1107.5.1.4.86344.30000025112619221499400000004/keyimages [32m200[0m 4.145 ms - 26[0m
[AUDIT] GET /api/reports/1.3.12.2.1107.5.1.4.86344.30000025112619221499400000004/keyimages → 200
Using deprecated auth middleware!
[0mPOST /api/studies/1.3.12.2.1107.5.1.4.86344.30000025112619221499400000004/meta [32m200[0m 41.069 ms - 45[0m
[AUDIT] POST /api/studies/1.3.12.2.1107.5.1.4.86344.30000025112619221499400000004/meta → 200
